[2017-04-18 20:46:31(0000000a)]: 6::open 
[2017-04-18 20:46:31(00000012)]: LAUNCH snlua player
[2017-04-18 20:46:33(0000000a)]: 6 receive:
[2017-04-18 20:46:33(00000012)]: - "player.loginSuccess.roleinfo" = { 
[2017-04-18 20:46:33(00000012)]: -     "account"  = "111111" 
[2017-04-18 20:46:33(00000012)]: -     "gmlevel"  = 1 
[2017-04-18 20:46:33(00000012)]: -     "gold"     = 101524999 
[2017-04-18 20:46:33(00000012)]: -     "id"       = 2 
[2017-04-18 20:46:33(00000012)]: -     "name"     = "111111" 
[2017-04-18 20:46:33(00000012)]: -     "password" = "111111" 
[2017-04-18 20:46:33(00000012)]: - } 
[2017-04-18 20:46:34(0000000a)]: 6 receive:
[2017-04-18 20:46:34(0000000a)]: 6 receive:
[2017-04-18 20:46:39(0000000a)]: 6 receive:
[2017-04-18 20:46:39(00000012)]: - "player.addGold.info" = { 
[2017-04-18 20:46:39(00000012)]: -     "gold"    = -200000 
[2017-04-18 20:46:39(00000012)]: -     "logtype" = 2 
[2017-04-18 20:46:39(00000012)]: - } 
[2017-04-18 20:46:39(0000000e)]: state Begin     0
[2017-04-18 20:46:40(0000000a)]: 6 receive:
[2017-04-18 20:46:40(00000012)]: - "player.addGold.info" = { 
[2017-04-18 20:46:40(00000012)]: -     "gold"    = 200000 
[2017-04-18 20:46:40(00000012)]: -     "logtype" = 3 
[2017-04-18 20:46:40(00000012)]: - } 
[2017-04-18 20:46:40(0000000e)]: state Begin     0
[2017-04-18 20:46:51(0000000a)]: 7::open 
[2017-04-18 20:46:51(00000018)]: LAUNCH snlua player
[2017-04-18 20:46:55(0000000a)]: 7 receive:
[2017-04-18 20:46:55(00000018)]: - "player.loginSuccess.roleinfo" = { 
[2017-04-18 20:46:55(00000018)]: -     "account"  = "111112" 
[2017-04-18 20:46:55(00000018)]: -     "gmlevel"  = 0 
[2017-04-18 20:46:55(00000018)]: -     "gold"     = 3029099 
[2017-04-18 20:46:55(00000018)]: -     "id"       = 5 
[2017-04-18 20:46:55(00000018)]: -     "name"     = "111112" 
[2017-04-18 20:46:55(00000018)]: -     "password" = "111111" 
[2017-04-18 20:46:55(00000018)]: - } 
[2017-04-18 20:46:55(0000000a)]: 7 receive:
[2017-04-18 20:46:56(0000000a)]: 7 receive:
[2017-04-18 20:46:59(0000000a)]: 7 receive:
[2017-04-18 20:46:59(00000018)]: - "player.addGold.info" = { 
[2017-04-18 20:46:59(00000018)]: -     "gold"    = -200000 
[2017-04-18 20:46:59(00000018)]: -     "logtype" = 2 
[2017-04-18 20:46:59(00000018)]: - } 
[2017-04-18 20:46:59(0000000e)]: state Begin     0
[2017-04-18 20:47:01(0000000a)]: 7 receive:
[2017-04-18 20:47:01(0000000e)]: state Ready 
[2017-04-18 20:47:04(0000000a)]: 6 receive:
[2017-04-18 20:47:04(0000000a)]: 6 receive:
[2017-04-18 20:47:04(0000000a)]: 6 receive:
[2017-04-18 20:47:04(0000000a)]: 6 receive:
[2017-04-18 20:47:04(0000000a)]: 6 receive:
[2017-04-18 20:47:05(0000000a)]: 6 receive:
[2017-04-18 20:47:10(0000000a)]: 6 receive:
[2017-04-18 20:47:10(0000000a)]: 6 receive:
[2017-04-18 20:47:10(0000000a)]: 6 receive:
[2017-04-18 20:47:11(0000000a)]: 6 receive:
[2017-04-18 20:47:11(0000000a)]: 6 receive:
[2017-04-18 20:47:11(0000000a)]: 6 receive:
[2017-04-18 20:47:11(0000000a)]: 6 receive:
[2017-04-18 20:47:12(0000000a)]: 6 receive:
[2017-04-18 20:47:12(0000000a)]: 6 receive:
[2017-04-18 20:47:12(00000012)]: - "player.addGold.info" = { 
[2017-04-18 20:47:12(00000012)]: -     "gold"    = -10000 
[2017-04-18 20:47:12(00000012)]: -     "logtype" = 5 
[2017-04-18 20:47:12(00000012)]: - } 
[2017-04-18 20:47:16(0000000e)]: - "TuiBing.GameDeal.result" = { 
[2017-04-18 20:47:16(0000000e)]: -     1 = { 
[2017-04-18 20:47:16(0000000e)]: -         1 = 5 
[2017-04-18 20:47:16(0000000e)]: -         2 = 6 
[2017-04-18 20:47:16(0000000e)]: -     } 
[2017-04-18 20:47:16(0000000e)]: -     2 = { 
[2017-04-18 20:47:16(0000000e)]: -         1 = 9 
[2017-04-18 20:47:16(0000000e)]: -         2 = 2 
[2017-04-18 20:47:16(0000000e)]: -     } 
[2017-04-18 20:47:16(0000000e)]: -     3 = { 
[2017-04-18 20:47:16(0000000e)]: -         1 = 3 
[2017-04-18 20:47:16(0000000e)]: -         2 = 8 
[2017-04-18 20:47:16(0000000e)]: -     } 
[2017-04-18 20:47:16(0000000e)]: -     4 = { 
[2017-04-18 20:47:16(0000000e)]: -         1 = 0 
[2017-04-18 20:47:16(0000000e)]: -         2 = 9 
[2017-04-18 20:47:16(0000000e)]: -     } 
[2017-04-18 20:47:16(0000000e)]: - } 
[2017-04-18 20:47:27(0000000e)]: state Reward 
[2017-04-18 20:47:36(0000000e)]: state Begin     5
[2017-04-18 20:47:42(0000000e)]: state Ready 
[2017-04-18 20:47:49(0000000a)]: 6 receive:
[2017-04-18 20:47:49(0000000a)]: 6 receive:
[2017-04-18 20:47:49(0000000a)]: 6 receive:
[2017-04-18 20:47:49(0000000a)]: 6 receive:
[2017-04-18 20:47:50(0000000a)]: 6 receive:
[2017-04-18 20:47:50(0000000a)]: 6 receive:
[2017-04-18 20:47:50(0000000a)]: 6 receive:
[2017-04-18 20:47:50(0000000a)]: 6 receive:
[2017-04-18 20:47:50(0000000a)]: 6 receive:
[2017-04-18 20:47:50(0000000a)]: 6 receive:
[2017-04-18 20:47:51(0000000a)]: 6 receive:
[2017-04-18 20:47:51(0000000a)]: 6 receive:
[2017-04-18 20:47:51(0000000a)]: 6 receive:
[2017-04-18 20:47:51(0000000a)]: 6 receive:
[2017-04-18 20:47:51(0000000a)]: 6 receive:
[2017-04-18 20:47:51(0000000a)]: 6 receive:
[2017-04-18 20:47:52(0000000a)]: 6 receive:
[2017-04-18 20:47:52(0000000a)]: 6 receive:
[2017-04-18 20:47:52(0000000a)]: 6 receive:
[2017-04-18 20:47:52(0000000a)]: 6 receive:
[2017-04-18 20:47:52(0000000a)]: 6 receive:
[2017-04-18 20:47:52(0000000a)]: 6 receive:
[2017-04-18 20:47:53(0000000a)]: 6 receive:
[2017-04-18 20:47:57(0000000e)]: - "TuiBing.GameDeal.result" = { 
[2017-04-18 20:47:57(0000000e)]: -     1 = { 
[2017-04-18 20:47:57(0000000e)]: -         1 = 0 
[2017-04-18 20:47:57(0000000e)]: -         2 = 0 
[2017-04-18 20:47:57(0000000e)]: -     } 
[2017-04-18 20:47:57(0000000e)]: -     2 = { 
[2017-04-18 20:47:57(0000000e)]: -         1 = 1 
[2017-04-18 20:47:57(0000000e)]: -         2 = 3 
[2017-04-18 20:47:57(0000000e)]: -     } 
[2017-04-18 20:47:57(0000000e)]: -     3 = { 
[2017-04-18 20:47:57(0000000e)]: -         1 = 1 
[2017-04-18 20:47:57(0000000e)]: -         2 = 7 
[2017-04-18 20:47:57(0000000e)]: -     } 
[2017-04-18 20:47:57(0000000e)]: -     4 = { 
[2017-04-18 20:47:57(0000000e)]: -         1 = 4 
[2017-04-18 20:47:57(0000000e)]: -         2 = 8 
[2017-04-18 20:47:57(0000000e)]: -     } 
[2017-04-18 20:47:57(0000000e)]: - } 
[2017-04-18 20:48:07(0000000a)]: 6 close:1001  nil 
[2017-04-18 20:48:07(00000012)]: Player end 2
[2017-04-18 20:48:08(0000000e)]: state Reward 
[2017-04-18 20:48:12(00000012)]: KILL self
[2017-04-18 20:48:14(0000000a)]: 8::open 
[2017-04-18 20:48:14(0000001f)]: LAUNCH snlua player
[2017-04-18 20:48:17(0000000e)]: state Begin     5
[2017-04-18 20:48:23(0000000e)]: state Ready 
[2017-04-18 20:48:38(0000000e)]: - "TuiBing.GameDeal.result" = { 
[2017-04-18 20:48:38(0000000e)]: -     1 = { 
[2017-04-18 20:48:38(0000000e)]: -         1 = 3 
[2017-04-18 20:48:38(0000000e)]: -         2 = 1 
[2017-04-18 20:48:38(0000000e)]: -     } 
[2017-04-18 20:48:38(0000000e)]: -     2 = { 
[2017-04-18 20:48:38(0000000e)]: -         1 = 2 
[2017-04-18 20:48:38(0000000e)]: -         2 = 4 
[2017-04-18 20:48:38(0000000e)]: -     } 
[2017-04-18 20:48:38(0000000e)]: -     3 = { 
[2017-04-18 20:48:38(0000000e)]: -         1 = 3 
[2017-04-18 20:48:38(0000000e)]: -         2 = 4 
[2017-04-18 20:48:38(0000000e)]: -     } 
[2017-04-18 20:48:38(0000000e)]: -     4 = { 
[2017-04-18 20:48:38(0000000e)]: -         1 = 9 
[2017-04-18 20:48:38(0000000e)]: -         2 = 7 
[2017-04-18 20:48:38(0000000e)]: -     } 
[2017-04-18 20:48:38(0000000e)]: - } 
[2017-04-18 20:48:48(0000000a)]: 8 receive:
[2017-04-18 20:48:48(00000018)]: Player end 5
[2017-04-18 20:48:49(0000000e)]: state Reward 
[2017-04-18 20:48:49(0000000a)]: 8 receive:
[2017-04-18 20:48:49(0000001f)]: - "player.loginSuccess.roleinfo" = { 
[2017-04-18 20:48:49(0000001f)]: -     "account"  = "111112" 
[2017-04-18 20:48:49(0000001f)]: -     "gmlevel"  = 0 
[2017-04-18 20:48:49(0000001f)]: -     "gold"     = 2829099 
[2017-04-18 20:48:49(0000001f)]: -     "id"       = 5 
[2017-04-18 20:48:49(0000001f)]: -     "name"     = "111112" 
[2017-04-18 20:48:49(0000001f)]: -     "password" = "111111" 
[2017-04-18 20:48:49(0000001f)]: - } 
[2017-04-18 20:48:49(0000000a)]: 8 receive:
[2017-04-18 20:48:50(0000000a)]: 8 receive:
[2017-04-18 20:48:53(00000018)]: KILL self
[2017-04-18 20:48:58(0000000e)]: state Begin     5
[2017-04-18 20:49:04(0000000e)]: state Ready 
[2017-04-18 20:49:06(0000000a)]: 8 receive:
[2017-04-18 20:49:13(0000000a)]: 9::open 
[2017-04-18 20:49:13(00000020)]: LAUNCH snlua player
[2017-04-18 20:49:14(0000000a)]: 9 receive:
[2017-04-18 20:49:14(0000001f)]: Player end 5
[2017-04-18 20:49:15(0000000a)]: 9 receive:
[2017-04-18 20:49:15(00000020)]: - "player.loginSuccess.roleinfo" = { 
[2017-04-18 20:49:15(00000020)]: -     "account"  = "111112" 
[2017-04-18 20:49:15(00000020)]: -     "gmlevel"  = 0 
[2017-04-18 20:49:15(00000020)]: -     "gold"     = 2829099 
[2017-04-18 20:49:15(00000020)]: -     "id"       = 5 
[2017-04-18 20:49:15(00000020)]: -     "name"     = "111112" 
[2017-04-18 20:49:15(00000020)]: -     "password" = "111111" 
[2017-04-18 20:49:15(00000020)]: - } 
[2017-04-18 20:49:15(0000000a)]: 9 receive:
[2017-04-18 20:49:16(0000000a)]: 9 receive:
[2017-04-18 20:49:19(0000000e)]: - "TuiBing.GameDeal.result" = { 
[2017-04-18 20:49:19(0000000e)]: -     1 = { 
[2017-04-18 20:49:19(0000000e)]: -         1 = 5 
[2017-04-18 20:49:19(0000000e)]: -         2 = 4 
[2017-04-18 20:49:19(0000000e)]: -     } 
[2017-04-18 20:49:19(0000000e)]: -     2 = { 
[2017-04-18 20:49:19(0000000e)]: -         1 = 3 
[2017-04-18 20:49:19(0000000e)]: -         2 = 1 
[2017-04-18 20:49:19(0000000e)]: -     } 
[2017-04-18 20:49:19(0000000e)]: -     3 = { 
[2017-04-18 20:49:19(0000000e)]: -         1 = 1 
[2017-04-18 20:49:19(0000000e)]: -         2 = 9 
[2017-04-18 20:49:19(0000000e)]: -     } 
[2017-04-18 20:49:19(0000000e)]: -     4 = { 
[2017-04-18 20:49:19(0000000e)]: -         1 = 2 
[2017-04-18 20:49:19(0000000e)]: -         2 = 5 
[2017-04-18 20:49:19(0000000e)]: -     } 
[2017-04-18 20:49:19(0000000e)]: - } 
[2017-04-18 20:49:19(0000001f)]: KILL self
[2017-04-18 20:49:19(0000000a)]: 10::open 
[2017-04-18 20:49:19(00000022)]: LAUNCH snlua player
[2017-04-18 20:49:23(0000000a)]: 10 receive:
[2017-04-18 20:49:23(00000022)]: - "player.loginSuccess.roleinfo" = { 
[2017-04-18 20:49:23(00000022)]: -     "account"  = "111111" 
[2017-04-18 20:49:23(00000022)]: -     "gmlevel"  = 1 
[2017-04-18 20:49:23(00000022)]: -     "gold"     = 101514999 
[2017-04-18 20:49:23(00000022)]: -     "id"       = 2 
[2017-04-18 20:49:23(00000022)]: -     "name"     = "111111" 
[2017-04-18 20:49:23(00000022)]: -     "password" = "111111" 
[2017-04-18 20:49:23(00000022)]: - } 
[2017-04-18 20:49:24(0000000a)]: 10 receive:
[2017-04-18 20:49:24(0000000a)]: 10 receive:
[2017-04-18 20:49:30(0000000e)]: state Reward 
[2017-04-18 20:49:39(0000000e)]: state Begin     5
[2017-04-18 20:49:45(0000000e)]: state Ready 
[2017-04-18 20:50:00(0000000e)]: - "TuiBing.GameDeal.result" = { 
[2017-04-18 20:50:00(0000000e)]: -     1 = { 
[2017-04-18 20:50:00(0000000e)]: -         1 = 9 
[2017-04-18 20:50:00(0000000e)]: -         2 = 2 
[2017-04-18 20:50:00(0000000e)]: -     } 
[2017-04-18 20:50:00(0000000e)]: -     2 = { 
[2017-04-18 20:50:00(0000000e)]: -         1 = 6 
[2017-04-18 20:50:00(0000000e)]: -         2 = 1 
[2017-04-18 20:50:00(0000000e)]: -     } 
[2017-04-18 20:50:00(0000000e)]: -     3 = { 
[2017-04-18 20:50:00(0000000e)]: -         1 = 8 
[2017-04-18 20:50:00(0000000e)]: -         2 = 9 
[2017-04-18 20:50:00(0000000e)]: -     } 
[2017-04-18 20:50:00(0000000e)]: -     4 = { 
[2017-04-18 20:50:00(0000000e)]: -         1 = 3 
[2017-04-18 20:50:00(0000000e)]: -         2 = 0 
[2017-04-18 20:50:00(0000000e)]: -     } 
[2017-04-18 20:50:00(0000000e)]: - } 
[2017-04-18 20:50:08(0000000a)]: 10 receive:
[2017-04-18 20:50:09(0000000a)]: 10 receive:
[2017-04-18 20:50:11(0000000e)]: state Reward 
[2017-04-18 20:50:20(0000000e)]: state Begin     5
