[2017-04-18 19:33:46(0000000a)]: 4::open 
[2017-04-18 19:33:46(0000000f)]: LAUNCH snlua player
[2017-04-18 19:33:47(0000000a)]: 4 receive:
[2017-04-18 19:33:47(0000000f)]: - "player.loginSuccess.roleinfo" = { 
[2017-04-18 19:33:47(0000000f)]: -     "account"  = "111111" 
[2017-04-18 19:33:47(0000000f)]: -     "gmlevel"  = 1 
[2017-04-18 19:33:47(0000000f)]: -     "gold"     = 101524999 
[2017-04-18 19:33:47(0000000f)]: -     "id"       = 2 
[2017-04-18 19:33:47(0000000f)]: -     "name"     = "111111" 
[2017-04-18 19:33:47(0000000f)]: -     "password" = "111111" 
[2017-04-18 19:33:47(0000000f)]: - } 
[2017-04-18 19:33:48(0000000a)]: 4 receive:
[2017-04-18 19:33:49(0000000a)]: 4 receive:
[2017-04-18 19:33:50(0000000a)]: 4 receive:
[2017-04-18 19:33:52(0000000a)]: 4 receive:
[2017-04-18 19:33:53(0000000a)]: 4 receive:
[2017-04-18 19:34:05(0000000a)]: 4 close:1001  nil 
[2017-04-18 19:34:05(0000000f)]: Player end 2
[2017-04-18 19:34:10(0000000f)]: KILL self
[2017-04-18 19:34:19(0000000a)]: 5::open 
[2017-04-18 19:34:19(00000010)]: LAUNCH snlua player
